<?xml version="1.0" encoding="UTF-8"?>
<!-- Generated by org.testng.reporters.JUnitReportReporter -->
<testsuite skipped="0" hostname="xyz-PC" name="testCases.TC_VideoGameAPI" tests="5" failures="0" timestamp="16 Apr 2020 03:36:08 GMT" time="5.909" errors="0">
  <testcase name="getAllVideoGames" time="3.442" classname="testCases.TC_VideoGameAPI"/>
  <testcase name="test_addNewVideoGame" time="1.153" classname="testCases.TC_VideoGameAPI"/>
  <testcase name="test_getVideoGame" time="0.142" classname="testCases.TC_VideoGameAPI"/>
  <testcase name="test_UpdateVideoGame" time="1.134" classname="testCases.TC_VideoGameAPI"/>
  <testcase name="test_DeleteVideoGame" time="0.038" classname="testCases.TC_VideoGameAPI"/>
</testsuite> <!-- testCases.TC_VideoGameAPI -->
